#
# A fatal error has been detected by the Java Runtime Environment:
#
#  EXCEPTION_ACCESS_VIOLATION (0xc0000005) at pc=0x00007ff9f3d9c9f5, pid=15612, tid=7628
#
# JRE version: Java(TM) SE Runtime Environment (12.0.1+12) (build 12.0.1+12)
# Java VM: Java HotSpot(TM) 64-Bit Server VM (12.0.1+12, mixed mode, sharing, tiered, compressed oops, g1 gc, windows-amd64)
# Problematic frame:
# C  [librocksdbjni11180153139749384542.dll+0x1fc9f5]
#
# No core dump will be written. Minidumps are not enabled by default on client versions of Windows
#
# If you would like to submit a bug report, please visit:
#   http://bugreport.java.com/bugreport/crash.jsp
# The crash happened outside the Java Virtual Machine in native code.
# See problematic frame for where to report the bug.
#

---------------  S U M M A R Y ------------

Command Line: -Dfile.encoding=GBK -Duser.country=CN -Duser.language=zh -Duser.variant com.technologysia.Demo1

Host: Intel(R) Core(TM) i5-8250U CPU @ 1.60GHz, 8 cores, 15G,  Windows 10 , 64 bit Build 18362 (10.0.18362.329)
Time: Fri Nov 15 16:15:46 2019 ?D1¨²¡À¨º¡Á?¨º¡À?? elapsed time: 0 seconds (0d 0h 0m 0s)

---------------  T H R E A D  ---------------

Current thread (0x000002252ffa2000):  JavaThread "pool-1-thread-1" [_thread_in_native, id=7628, stack(0x0000004534c00000,0x0000004534d00000)]

Stack: [0x0000004534c00000,0x0000004534d00000],  sp=0x0000004534cfddf0,  free space=1015k
Native frames: (J=compiled Java code, j=interpreted, Vv=VM code, C=native code)
C  [librocksdbjni11180153139749384542.dll+0x1fc9f5]

Java frames: (J=compiled Java code, j=interpreted, Vv=VM code)
j  org.rocksdb.RocksDB.put(J[BII[BII)V+0
j  org.rocksdb.RocksDB.put([B[B)V+13
j  com.technologysia.Demo1.lambda$main$0(Lorg/rocksdb/RocksDB;)V+11
j  com.technologysia.Demo1$$Lambda$12.run()V+4
j  java.util.concurrent.ThreadPoolExecutor.runWorker(Ljava/util/concurrent/ThreadPoolExecutor$Worker;)V+92 java.base@12.0.1
j  java.util.concurrent.ThreadPoolExecutor$Worker.run()V+5 java.base@12.0.1
j  java.lang.Thread.run()V+11 java.base@12.0.1
v  ~StubRoutines::call_stub

siginfo: EXCEPTION_ACCESS_VIOLATION (0xc0000005), reading address 0x0000000000000068


Register to memory mapping:

RIP=0x00007ff9f3d9c9f5 librocksdbjni11180153139749384542.dll
RAX=0x0 is NULL
RBX=0x0000004534cfe1f8 is pointing into the stack for thread: 0x000002252ffa2000
RCX=0x0 is NULL
RDX=0x000002252ff802b0 points into unknown readable memory: 00 00 00 00 00 00 00 00
RSP=0x0000004534cfddf0 is pointing into the stack for thread: 0x000002252ffa2000
RBP=0x0000004534cfdef0 is pointing into the stack for thread: 0x000002252ffa2000
RSI=0x000002252ff8c530 points into unknown readable memory: 70 7d f9 2f 25 02 00 00
RDI=0x0 is NULL
R8 =0x00007ff9f4061da8 librocksdbjni11180153139749384542.dll
R9 =0x0000004534cfde78 is pointing into the stack for thread: 0x000002252ffa2000
R10=0x0 is NULL
R11=0x0000004534cfddd0 is pointing into the stack for thread: 0x000002252ffa2000
R12=0x000002252ff8cad8 points into unknown readable memory: 02 00 00 00 00 00 00 00
R13=0x00ffffffffffffff is an unknown value
R14=0x0 is NULL
R15=0x000002252ff8cf68 points into unknown readable memory: 00 ec f7 f3 f9 7f 00 00


Registers:
RAX=0x0000000000000000, RBX=0x0000004534cfe1f8, RCX=0x0000000000000000, RDX=0x000002252ff802b0
RSP=0x0000004534cfddf0, RBP=0x0000004534cfdef0, RSI=0x000002252ff8c530, RDI=0x0000000000000000
R8 =0x00007ff9f4061da8, R9 =0x0000004534cfde78, R10=0x0000000000000000, R11=0x0000004534cfddd0
R12=0x000002252ff8cad8, R13=0x00ffffffffffffff, R14=0x0000000000000000, R15=0x000002252ff8cf68
RIP=0x00007ff9f3d9c9f5, EFLAGS=0x0000000000010246

Top of Stack: (sp=0x0000004534cfddf0)
0x0000004534cfddf0:   000002252fb87bc0 0000004500000000
0x0000004534cfde00:   00007ff9f4061da8 0000004534cfde78
0x0000004534cfde10:   0000004534cfe3e0 00007ff9f3ba0120
0x0000004534cfde20:   0000000000000000 0000000000000000
0x0000004534cfde30:   000002252fb41201 00007ffa4ec5c398
0x0000004534cfde40:   0000000000000001 0000000000000000
0x0000004534cfde50:   0000000001000038 0000004534cfdec0
0x0000004534cfde60:   0000000000000000 0000000000000000
0x0000004534cfde70:   0000000000000000 0000000000000000
0x0000004534cfde80:   00007ff9f4061da8 00ffffffffffffff
0x0000004534cfde90:   000002252fb87bc0 0000004534cfea08
0x0000004534cfdea0:   0000000000000000 0000004534cfe3e0
0x0000004534cfdeb0:   0000000000000000 00007ffa4ec50000
0x0000004534cfdec0:   0000000000000000 0000000000000000
0x0000004534cfded0:   000002252fb87cf0 0000000000000000
0x0000004534cfdee0:   0074007500000000 000002252fb87bb0 

Instructions: (pc=0x00007ff9f3d9c9f5)
0x00007ff9f3d9c9d5:   89 45 80 48 89 7b 08 48 8b 8d 10 03 00 00 e8 ac
0x00007ff9f3d9c9e5:   fa 16 00 80 be f0 12 00 00 00 75 10 48 8b 46 30
0x00007ff9f3d9c9f5:   4c 8b 68 68 4c 89 6d 98 4c 8b 75 d0 80 7d c8 00
0x00007ff9f3d9ca05:   74 10 49 8b 06 49 8b ce ff 90 10 01 00 00 48 89 


Stack slot to memory mapping:
stack at sp + 0 slots: 0x000002252fb87bc0 points into unknown readable memory: 00 00 00 00 00 00 00 00
stack at sp + 1 slots: 0x0000004500000000 is an unknown value
stack at sp + 2 slots: 0x00007ff9f4061da8 librocksdbjni11180153139749384542.dll
stack at sp + 3 slots: 0x0000004534cfde78 is pointing into the stack for thread: 0x000002252ffa2000
stack at sp + 4 slots: 0x0000004534cfe3e0 is pointing into the stack for thread: 0x000002252ffa2000
stack at sp + 5 slots: 0x00007ff9f3ba0120 librocksdbjni11180153139749384542.dll
stack at sp + 6 slots: 0x0 is NULL
stack at sp + 7 slots: 0x0 is NULL


---------------  P R O C E S S  ---------------

Threads class SMR info:
_java_thread_list=0x000002252ff80ee0, length=11, elements={
0x000002252f015000, 0x000002252f016000, 0x000002252f8c6800, 0x000002252f8c7800,
0x000002252f8c8800, 0x000002252f8cc000, 0x000002252f8ce000, 0x000002252fa15800,
0x000002252fa3b000, 0x000002252ffa2000, 0x000002250b6c5800
}

Java Threads: ( => current thread )
  0x000002252f015000 JavaThread "Reference Handler" daemon [_thread_blocked, id=3372, stack(0x0000004533d00000,0x0000004533e00000)]
  0x000002252f016000 JavaThread "Finalizer" daemon [_thread_blocked, id=12292, stack(0x0000004533e00000,0x0000004533f00000)]
  0x000002252f8c6800 JavaThread "Signal Dispatcher" daemon [_thread_blocked, id=5316, stack(0x0000004533f00000,0x0000004534000000)]
  0x000002252f8c7800 JavaThread "Attach Listener" daemon [_thread_blocked, id=16652, stack(0x0000004534000000,0x0000004534100000)]
  0x000002252f8c8800 JavaThread "C2 CompilerThread0" daemon [_thread_blocked, id=12708, stack(0x0000004534100000,0x0000004534200000)]
  0x000002252f8cc000 JavaThread "C1 CompilerThread0" daemon [_thread_blocked, id=18784, stack(0x0000004534200000,0x0000004534300000)]
  0x000002252f8ce000 JavaThread "Sweeper thread" daemon [_thread_blocked, id=16484, stack(0x0000004534300000,0x0000004534400000)]
  0x000002252fa15800 JavaThread "Service Thread" daemon [_thread_blocked, id=2448, stack(0x0000004534400000,0x0000004534500000)]
  0x000002252fa3b000 JavaThread "Common-Cleaner" daemon [_thread_blocked, id=19400, stack(0x0000004534600000,0x0000004534700000)]
=>0x000002252ffa2000 JavaThread "pool-1-thread-1" [_thread_in_native, id=7628, stack(0x0000004534c00000,0x0000004534d00000)]
  0x000002250b6c5800 JavaThread "DestroyJavaVM" [_thread_blocked, id=11872, stack(0x0000004533600000,0x0000004533700000)]

Other Threads:
  0x000002252f013800 VMThread "VM Thread" [stack: 0x0000004533c00000,0x0000004533d00000] [id=15940]
  0x000002252fa38800 WatcherThread [stack: 0x0000004534500000,0x0000004534600000] [id=6564]
  0x000002250b72b800 GCTaskThread "GC Thread#0" [stack: 0x0000004533700000,0x0000004533800000] [id=9204]
  0x000002250b748000 ConcurrentGCThread "G1 Main Marker" [stack: 0x0000004533800000,0x0000004533900000] [id=12856]
  0x000002250b749800 ConcurrentGCThread "G1 Conc#0" [stack: 0x0000004533900000,0x0000004533a00000] [id=15120]
  0x000002252ef0d800 ConcurrentGCThread "G1 Refine#0" [stack: 0x0000004533a00000,0x0000004533b00000] [id=9544]
  0x000002252ef0e800 ConcurrentGCThread "G1 Young RemSet Sampling" [stack: 0x0000004533b00000,0x0000004533c00000] [id=14608]

Threads with active compile tasks:

VM state:not at safepoint (normal execution)

VM Mutex/Monitor currently owned by a thread: None

Heap address: 0x0000000702800000, size: 4056 MB, Compressed Oops mode: Zero based, Oop shift amount: 3
Narrow klass base: 0x0000000800000000, Narrow klass shift: 3
Compressed class space size: 1073741824 Address: 0x00000008011a0000

Heap:
 garbage-first heap   total 260096K, used 3072K [0x0000000702800000, 0x0000000800000000)
  region size 1024K, 4 young (4096K), 0 survivors (0K)
 Metaspace       used 1664K, capacity 4968K, committed 5120K, reserved 1056768K
  class space    used 150K, capacity 443K, committed 512K, reserved 1048576K
Heap Regions: E=young(eden), S=young(survivor), O=old, HS=humongous(starts), HC=humongous(continues), CS=collection set, F=free, A=archive, TAMS=top-at-mark-start (previous, next)
|   0|0x0000000702800000, 0x0000000702800000, 0x0000000702900000|  0%| F|  |TAMS 0x0000000702800000, 0x0000000702800000| Untracked 
|   1|0x0000000702900000, 0x0000000702900000, 0x0000000702a00000|  0%| F|  |TAMS 0x0000000702900000, 0x0000000702900000| Untracked 
|   2|0x0000000702a00000, 0x0000000702a00000, 0x0000000702b00000|  0%| F|  |TAMS 0x0000000702a00000, 0x0000000702a00000| Untracked 
|   3|0x0000000702b00000, 0x0000000702b00000, 0x0000000702c00000|  0%| F|  |TAMS 0x0000000702b00000, 0x0000000702b00000| Untracked 
|   4|0x0000000702c00000, 0x0000000702c00000, 0x0000000702d00000|  0%| F|  |TAMS 0x0000000702c00000, 0x0000000702c00000| Untracked 
|   5|0x0000000702d00000, 0x0000000702d00000, 0x0000000702e00000|  0%| F|  |TAMS 0x0000000702d00000, 0x0000000702d00000| Untracked 
|   6|0x0000000702e00000, 0x0000000702e00000, 0x0000000702f00000|  0%| F|  |TAMS 0x0000000702e00000, 0x0000000702e00000| Untracked 
|   7|0x0000000702f00000, 0x0000000702f00000, 0x0000000703000000|  0%| F|  |TAMS 0x0000000702f00000, 0x0000000702f00000| Untracked 
|   8|0x0000000703000000, 0x0000000703000000, 0x0000000703100000|  0%| F|  |TAMS 0x0000000703000000, 0x0000000703000000| Untracked 
|   9|0x0000000703100000, 0x0000000703100000, 0x0000000703200000|  0%| F|  |TAMS 0x0000000703100000, 0x0000000703100000| Untracked 
|  10|0x0000000703200000, 0x0000000703200000, 0x0000000703300000|  0%| F|  |TAMS 0x0000000703200000, 0x0000000703200000| Untracked 
|  11|0x0000000703300000, 0x0000000703300000, 0x0000000703400000|  0%| F|  |TAMS 0x0000000703300000, 0x0000000703300000| Untracked 
|  12|0x0000000703400000, 0x0000000703400000, 0x0000000703500000|  0%| F|  |TAMS 0x0000000703400000, 0x0000000703400000| Untracked 
|  13|0x0000000703500000, 0x0000000703500000, 0x0000000703600000|  0%| F|  |TAMS 0x0000000703500000, 0x0000000703500000| Untracked 
|  14|0x0000000703600000, 0x0000000703600000, 0x0000000703700000|  0%| F|  |TAMS 0x0000000703600000, 0x0000000703600000| Untracked 
|  15|0x0000000703700000, 0x0000000703700000, 0x0000000703800000|  0%| F|  |TAMS 0x0000000703700000, 0x0000000703700000| Untracked 
|  16|0x0000000703800000, 0x0000000703800000, 0x0000000703900000|  0%| F|  |TAMS 0x0000000703800000, 0x0000000703800000| Untracked 
|  17|0x0000000703900000, 0x0000000703900000, 0x0000000703a00000|  0%| F|  |TAMS 0x0000000703900000, 0x0000000703900000| Untracked 
|  18|0x0000000703a00000, 0x0000000703a00000, 0x0000000703b00000|  0%| F|  |TAMS 0x0000000703a00000, 0x0000000703a00000| Untracked 
|  19|0x0000000703b00000, 0x0000000703b00000, 0x0000000703c00000|  0%| F|  |TAMS 0x0000000703b00000, 0x0000000703b00000| Untracked 
|  20|0x0000000703c00000, 0x0000000703c00000, 0x0000000703d00000|  0%| F|  |TAMS 0x0000000703c00000, 0x0000000703c00000| Untracked 
|  21|0x0000000703d00000, 0x0000000703d00000, 0x0000000703e00000|  0%| F|  |TAMS 0x0000000703d00000, 0x0000000703d00000| Untracked 
|  22|0x0000000703e00000, 0x0000000703e00000, 0x0000000703f00000|  0%| F|  |TAMS 0x0000000703e00000, 0x0000000703e00000| Untracked 
|  23|0x0000000703f00000, 0x0000000703f00000, 0x0000000704000000|  0%| F|  |TAMS 0x0000000703f00000, 0x0000000703f00000| Untracked 
|  24|0x0000000704000000, 0x0000000704000000, 0x0000000704100000|  0%| F|  |TAMS 0x0000000704000000, 0x0000000704000000| Untracked 
|  25|0x0000000704100000, 0x0000000704100000, 0x0000000704200000|  0%| F|  |TAMS 0x0000000704100000, 0x0000000704100000| Untracked 
|  26|0x0000000704200000, 0x0000000704200000, 0x0000000704300000|  0%| F|  |TAMS 0x0000000704200000, 0x0000000704200000| Untracked 
|  27|0x0000000704300000, 0x0000000704300000, 0x0000000704400000|  0%| F|  |TAMS 0x0000000704300000, 0x0000000704300000| Untracked 
|  28|0x0000000704400000, 0x0000000704400000, 0x0000000704500000|  0%| F|  |TAMS 0x0000000704400000, 0x0000000704400000| Untracked 
|  29|0x0000000704500000, 0x0000000704500000, 0x0000000704600000|  0%| F|  |TAMS 0x0000000704500000, 0x0000000704500000| Untracked 
|  30|0x0000000704600000, 0x0000000704600000, 0x0000000704700000|  0%| F|  |TAMS 0x0000000704600000, 0x0000000704600000| Untracked 
|  31|0x0000000704700000, 0x0000000704700000, 0x0000000704800000|  0%| F|  |TAMS 0x0000000704700000, 0x0000000704700000| Untracked 
|  32|0x0000000704800000, 0x0000000704800000, 0x0000000704900000|  0%| F|  |TAMS 0x0000000704800000, 0x0000000704800000| Untracked 
|  33|0x0000000704900000, 0x0000000704900000, 0x0000000704a00000|  0%| F|  |TAMS 0x0000000704900000, 0x0000000704900000| Untracked 
|  34|0x0000000704a00000, 0x0000000704a00000, 0x0000000704b00000|  0%| F|  |TAMS 0x0000000704a00000, 0x0000000704a00000| Untracked 
|  35|0x0000000704b00000, 0x0000000704b00000, 0x0000000704c00000|  0%| F|  |TAMS 0x0000000704b00000, 0x0000000704b00000| Untracked 
|  36|0x0000000704c00000, 0x0000000704c00000, 0x0000000704d00000|  0%| F|  |TAMS 0x0000000704c00000, 0x0000000704c00000| Untracked 
|  37|0x0000000704d00000, 0x0000000704d00000, 0x0000000704e00000|  0%| F|  |TAMS 0x0000000704d00000, 0x0000000704d00000| Untracked 
|  38|0x0000000704e00000, 0x0000000704e00000, 0x0000000704f00000|  0%| F|  |TAMS 0x0000000704e00000, 0x0000000704e00000| Untracked 
|  39|0x0000000704f00000, 0x0000000704f00000, 0x0000000705000000|  0%| F|  |TAMS 0x0000000704f00000, 0x0000000704f00000| Untracked 
|  40|0x0000000705000000, 0x0000000705000000, 0x0000000705100000|  0%| F|  |TAMS 0x0000000705000000, 0x0000000705000000| Untracked 
|  41|0x0000000705100000, 0x0000000705100000, 0x0000000705200000|  0%| F|  |TAMS 0x0000000705100000, 0x0000000705100000| Untracked 
|  42|0x0000000705200000, 0x0000000705200000, 0x0000000705300000|  0%| F|  |TAMS 0x0000000705200000, 0x0000000705200000| Untracked 
|  43|0x0000000705300000, 0x0000000705300000, 0x0000000705400000|  0%| F|  |TAMS 0x0000000705300000, 0x0000000705300000| Untracked 
|  44|0x0000000705400000, 0x0000000705400000, 0x0000000705500000|  0%| F|  |TAMS 0x0000000705400000, 0x0000000705400000| Untracked 
|  45|0x0000000705500000, 0x0000000705500000, 0x0000000705600000|  0%| F|  |TAMS 0x0000000705500000, 0x0000000705500000| Untracked 
|  46|0x0000000705600000, 0x0000000705600000, 0x0000000705700000|  0%| F|  |TAMS 0x0000000705600000, 0x0000000705600000| Untracked 
|  47|0x0000000705700000, 0x0000000705700000, 0x0000000705800000|  0%| F|  |TAMS 0x0000000705700000, 0x0000000705700000| Untracked 
|  48|0x0000000705800000, 0x0000000705800000, 0x0000000705900000|  0%| F|  |TAMS 0x0000000705800000, 0x0000000705800000| Untracked 
|  49|0x0000000705900000, 0x0000000705900000, 0x0000000705a00000|  0%| F|  |TAMS 0x0000000705900000, 0x0000000705900000| Untracked 
|  50|0x0000000705a00000, 0x0000000705a00000, 0x0000000705b00000|  0%| F|  |TAMS 0x0000000705a00000, 0x0000000705a00000| Untracked 
|  51|0x0000000705b00000, 0x0000000705b00000, 0x0000000705c00000|  0%| F|  |TAMS 0x0000000705b00000, 0x0000000705b00000| Untracked 
|  52|0x0000000705c00000, 0x0000000705c00000, 0x0000000705d00000|  0%| F|  |TAMS 0x0000000705c00000, 0x0000000705c00000| Untracked 
|  53|0x0000000705d00000, 0x0000000705d00000, 0x0000000705e00000|  0%| F|  |TAMS 0x0000000705d00000, 0x0000000705d00000| Untracked 
|  54|0x0000000705e00000, 0x0000000705e00000, 0x0000000705f00000|  0%| F|  |TAMS 0x0000000705e00000, 0x0000000705e00000| Untracked 
|  55|0x0000000705f00000, 0x0000000705f00000, 0x0000000706000000|  0%| F|  |TAMS 0x0000000705f00000, 0x0000000705f00000| Untracked 
|  56|0x0000000706000000, 0x0000000706000000, 0x0000000706100000|  0%| F|  |TAMS 0x0000000706000000, 0x0000000706000000| Untracked 
|  57|0x0000000706100000, 0x0000000706100000, 0x0000000706200000|  0%| F|  |TAMS 0x0000000706100000, 0x0000000706100000| Untracked 
|  58|0x0000000706200000, 0x0000000706200000, 0x0000000706300000|  0%| F|  |TAMS 0x0000000706200000, 0x0000000706200000| Untracked 
|  59|0x0000000706300000, 0x0000000706300000, 0x0000000706400000|  0%| F|  |TAMS 0x0000000706300000, 0x0000000706300000| Untracked 
|  60|0x0000000706400000, 0x0000000706400000, 0x0000000706500000|  0%| F|  |TAMS 0x0000000706400000, 0x0000000706400000| Untracked 
|  61|0x0000000706500000, 0x0000000706500000, 0x0000000706600000|  0%| F|  |TAMS 0x0000000706500000, 0x0000000706500000| Untracked 
|  62|0x0000000706600000, 0x0000000706600000, 0x0000000706700000|  0%| F|  |TAMS 0x0000000706600000, 0x0000000706600000| Untracked 
|  63|0x0000000706700000, 0x0000000706700000, 0x0000000706800000|  0%| F|  |TAMS 0x0000000706700000, 0x0000000706700000| Untracked 
|  64|0x0000000706800000, 0x0000000706800000, 0x0000000706900000|  0%| F|  |TAMS 0x0000000706800000, 0x0000000706800000| Untracked 
|  65|0x0000000706900000, 0x0000000706900000, 0x0000000706a00000|  0%| F|  |TAMS 0x0000000706900000, 0x0000000706900000| Untracked 
|  66|0x0000000706a00000, 0x0000000706a00000, 0x0000000706b00000|  0%| F|  |TAMS 0x0000000706a00000, 0x0000000706a00000| Untracked 
|  67|0x0000000706b00000, 0x0000000706b00000, 0x0000000706c00000|  0%| F|  |TAMS 0x0000000706b00000, 0x0000000706b00000| Untracked 
|  68|0x0000000706c00000, 0x0000000706c00000, 0x0000000706d00000|  0%| F|  |TAMS 0x0000000706c00000, 0x0000000706c00000| Untracked 
|  69|0x0000000706d00000, 0x0000000706d00000, 0x0000000706e00000|  0%| F|  |TAMS 0x0000000706d00000, 0x0000000706d00000| Untracked 
|  70|0x0000000706e00000, 0x0000000706e00000, 0x0000000706f00000|  0%| F|  |TAMS 0x0000000706e00000, 0x0000000706e00000| Untracked 
|  71|0x0000000706f00000, 0x0000000706f00000, 0x0000000707000000|  0%| F|  |TAMS 0x0000000706f00000, 0x0000000706f00000| Untracked 
|  72|0x0000000707000000, 0x0000000707000000, 0x0000000707100000|  0%| F|  |TAMS 0x0000000707000000, 0x0000000707000000| Untracked 
|  73|0x0000000707100000, 0x0000000707100000, 0x0000000707200000|  0%| F|  |TAMS 0x0000000707100000, 0x0000000707100000| Untracked 
|  74|0x0000000707200000, 0x0000000707200000, 0x0000000707300000|  0%| F|  |TAMS 0x0000000707200000, 0x0000000707200000| Untracked 
|  75|0x0000000707300000, 0x0000000707300000, 0x0000000707400000|  0%| F|  |TAMS 0x0000000707300000, 0x0000000707300000| Untracked 
|  76|0x0000000707400000, 0x0000000707400000, 0x0000000707500000|  0%| F|  |TAMS 0x0000000707400000, 0x0000000707400000| Untracked 
|  77|0x0000000707500000, 0x0000000707500000, 0x0000000707600000|  0%| F|  |TAMS 0x0000000707500000, 0x0000000707500000| Untracked 
|  78|0x0000000707600000, 0x0000000707600000, 0x0000000707700000|  0%| F|  |TAMS 0x0000000707600000, 0x0000000707600000| Untracked 
|  79|0x0000000707700000, 0x0000000707700000, 0x0000000707800000|  0%| F|  |TAMS 0x0000000707700000, 0x0000000707700000| Untracked 
|  80|0x0000000707800000, 0x0000000707800000, 0x0000000707900000|  0%| F|  |TAMS 0x0000000707800000, 0x0000000707800000| Untracked 
|  81|0x0000000707900000, 0x0000000707900000, 0x0000000707a00000|  0%| F|  |TAMS 0x0000000707900000, 0x0000000707900000| Untracked 
|  82|0x0000000707a00000, 0x0000000707a00000, 0x0000000707b00000|  0%| F|  |TAMS 0x0000000707a00000, 0x0000000707a00000| Untracked 
|  83|0x0000000707b00000, 0x0000000707b00000, 0x0000000707c00000|  0%| F|  |TAMS 0x0000000707b00000, 0x0000000707b00000| Untracked 
|  84|0x0000000707c00000, 0x0000000707c00000, 0x0000000707d00000|  0%| F|  |TAMS 0x0000000707c00000, 0x0000000707c00000| Untracked 
|  85|0x0000000707d00000, 0x0000000707d00000, 0x0000000707e00000|  0%| F|  |TAMS 0x0000000707d00000, 0x0000000707d00000| Untracked 
|  86|0x0000000707e00000, 0x0000000707e00000, 0x0000000707f00000|  0%| F|  |TAMS 0x0000000707e00000, 0x0000000707e00000| Untracked 
|  87|0x0000000707f00000, 0x0000000707f00000, 0x0000000708000000|  0%| F|  |TAMS 0x0000000707f00000, 0x0000000707f00000| Untracked 
|  88|0x0000000708000000, 0x0000000708000000, 0x0000000708100000|  0%| F|  |TAMS 0x0000000708000000, 0x0000000708000000| Untracked 
|  89|0x0000000708100000, 0x0000000708100000, 0x0000000708200000|  0%| F|  |TAMS 0x0000000708100000, 0x0000000708100000| Untracked 
|  90|0x0000000708200000, 0x0000000708200000, 0x0000000708300000|  0%| F|  |TAMS 0x0000000708200000, 0x0000000708200000| Untracked 
|  91|0x0000000708300000, 0x0000000708300000, 0x0000000708400000|  0%| F|  |TAMS 0x0000000708300000, 0x0000000708300000| Untracked 
|  92|0x0000000708400000, 0x0000000708400000, 0x0000000708500000|  0%| F|  |TAMS 0x0000000708400000, 0x0000000708400000| Untracked 
|  93|0x0000000708500000, 0x0000000708500000, 0x0000000708600000|  0%| F|  |TAMS 0x0000000708500000, 0x0000000708500000| Untracked 
|  94|0x0000000708600000, 0x0000000708600000, 0x0000000708700000|  0%| F|  |TAMS 0x0000000708600000, 0x0000000708600000| Untracked 
|  95|0x0000000708700000, 0x0000000708700000, 0x0000000708800000|  0%| F|  |TAMS 0x0000000708700000, 0x0000000708700000| Untracked 
|  96|0x0000000708800000, 0x0000000708800000, 0x0000000708900000|  0%| F|  |TAMS 0x0000000708800000, 0x0000000708800000| Untracked 
|  97|0x0000000708900000, 0x0000000708900000, 0x0000000708a00000|  0%| F|  |TAMS 0x0000000708900000, 0x0000000708900000| Untracked 
|  98|0x0000000708a00000, 0x0000000708a00000, 0x0000000708b00000|  0%| F|  |TAMS 0x0000000708a00000, 0x0000000708a00000| Untracked 
|  99|0x0000000708b00000, 0x0000000708b00000, 0x0000000708c00000|  0%| F|  |TAMS 0x0000000708b00000, 0x0000000708b00000| Untracked 
| 100|0x0000000708c00000, 0x0000000708c00000, 0x0000000708d00000|  0%| F|  |TAMS 0x0000000708c00000, 0x0000000708c00000| Untracked 
| 101|0x0000000708d00000, 0x0000000708d00000, 0x0000000708e00000|  0%| F|  |TAMS 0x0000000708d00000, 0x0000000708d00000| Untracked 
| 102|0x0000000708e00000, 0x0000000708e00000, 0x0000000708f00000|  0%| F|  |TAMS 0x0000000708e00000, 0x0000000708e00000| Untracked 
| 103|0x0000000708f00000, 0x0000000708f00000, 0x0000000709000000|  0%| F|  |TAMS 0x0000000708f00000, 0x0000000708f00000| Untracked 
| 104|0x0000000709000000, 0x0000000709000000, 0x0000000709100000|  0%| F|  |TAMS 0x0000000709000000, 0x0000000709000000| Untracked 
| 105|0x0000000709100000, 0x0000000709100000, 0x0000000709200000|  0%| F|  |TAMS 0x0000000709100000, 0x0000000709100000| Untracked 
| 106|0x0000000709200000, 0x0000000709200000, 0x0000000709300000|  0%| F|  |TAMS 0x0000000709200000, 0x0000000709200000| Untracked 
| 107|0x0000000709300000, 0x0000000709300000, 0x0000000709400000|  0%| F|  |TAMS 0x0000000709300000, 0x0000000709300000| Untracked 
| 108|0x0000000709400000, 0x0000000709400000, 0x0000000709500000|  0%| F|  |TAMS 0x0000000709400000, 0x0000000709400000| Untracked 
| 109|0x0000000709500000, 0x0000000709500000, 0x0000000709600000|  0%| F|  |TAMS 0x0000000709500000, 0x0000000709500000| Untracked 
| 110|0x0000000709600000, 0x0000000709600000, 0x0000000709700000|  0%| F|  |TAMS 0x0000000709600000, 0x0000000709600000| Untracked 
| 111|0x0000000709700000, 0x0000000709700000, 0x0000000709800000|  0%| F|  |TAMS 0x0000000709700000, 0x0000000709700000| Untracked 
| 112|0x0000000709800000, 0x0000000709800000, 0x0000000709900000|  0%| F|  |TAMS 0x0000000709800000, 0x0000000709800000| Untracked 
| 113|0x0000000709900000, 0x0000000709900000, 0x0000000709a00000|  0%| F|  |TAMS 0x0000000709900000, 0x0000000709900000| Untracked 
| 114|0x0000000709a00000, 0x0000000709a00000, 0x0000000709b00000|  0%| F|  |TAMS 0x0000000709a00000, 0x0000000709a00000| Untracked 
| 115|0x0000000709b00000, 0x0000000709b00000, 0x0000000709c00000|  0%| F|  |TAMS 0x0000000709b00000, 0x0000000709b00000| Untracked 
| 116|0x0000000709c00000, 0x0000000709c00000, 0x0000000709d00000|  0%| F|  |TAMS 0x0000000709c00000, 0x0000000709c00000| Untracked 
| 117|0x0000000709d00000, 0x0000000709d00000, 0x0000000709e00000|  0%| F|  |TAMS 0x0000000709d00000, 0x0000000709d00000| Untracked 
| 118|0x0000000709e00000, 0x0000000709e00000, 0x0000000709f00000|  0%| F|  |TAMS 0x0000000709e00000, 0x0000000709e00000| Untracked 
| 119|0x0000000709f00000, 0x0000000709f00000, 0x000000070a000000|  0%| F|  |TAMS 0x0000000709f00000, 0x0000000709f00000| Untracked 
| 120|0x000000070a000000, 0x000000070a000000, 0x000000070a100000|  0%| F|  |TAMS 0x000000070a000000, 0x000000070a000000| Untracked 
| 121|0x000000070a100000, 0x000000070a100000, 0x000000070a200000|  0%| F|  |TAMS 0x000000070a100000, 0x000000070a100000| Untracked 
| 122|0x000000070a200000, 0x000000070a200000, 0x000000070a300000|  0%| F|  |TAMS 0x000000070a200000, 0x000000070a200000| Untracked 
| 123|0x000000070a300000, 0x000000070a300000, 0x000000070a400000|  0%| F|  |TAMS 0x000000070a300000, 0x000000070a300000| Untracked 
| 124|0x000000070a400000, 0x000000070a400000, 0x000000070a500000|  0%| F|  |TAMS 0x000000070a400000, 0x000000070a400000| Untracked 
| 125|0x000000070a500000, 0x000000070a500000, 0x000000070a600000|  0%| F|  |TAMS 0x000000070a500000, 0x000000070a500000| Untracked 
| 126|0x000000070a600000, 0x000000070a600000, 0x000000070a700000|  0%| F|  |TAMS 0x000000070a600000, 0x000000070a600000| Untracked 
| 127|0x000000070a700000, 0x000000070a700000, 0x000000070a800000|  0%| F|  |TAMS 0x000000070a700000, 0x000000070a700000| Untracked 
| 128|0x000000070a800000, 0x000000070a800000, 0x000000070a900000|  0%| F|  |TAMS 0x000000070a800000, 0x000000070a800000| Untracked 
| 129|0x000000070a900000, 0x000000070a900000, 0x000000070aa00000|  0%| F|  |TAMS 0x000000070a900000, 0x000000070a900000| Untracked 
| 130|0x000000070aa00000, 0x000000070aa00000, 0x000000070ab00000|  0%| F|  |TAMS 0x000000070aa00000, 0x000000070aa00000| Untracked 
| 131|0x000000070ab00000, 0x000000070ab00000, 0x000000070ac00000|  0%| F|  |TAMS 0x000000070ab00000, 0x000000070ab00000| Untracked 
| 132|0x000000070ac00000, 0x000000070ac00000, 0x000000070ad00000|  0%| F|  |TAMS 0x000000070ac00000, 0x000000070ac00000| Untracked 
| 133|0x000000070ad00000, 0x000000070ad00000, 0x000000070ae00000|  0%| F|  |TAMS 0x000000070ad00000, 0x000000070ad00000| Untracked 
| 134|0x000000070ae00000, 0x000000070ae00000, 0x000000070af00000|  0%| F|  |TAMS 0x000000070ae00000, 0x000000070ae00000| Untracked 
| 135|0x000000070af00000, 0x000000070af00000, 0x000000070b000000|  0%| F|  |TAMS 0x000000070af00000, 0x000000070af00000| Untracked 
| 136|0x000000070b000000, 0x000000070b000000, 0x000000070b100000|  0%| F|  |TAMS 0x000000070b000000, 0x000000070b000000| Untracked 
| 137|0x000000070b100000, 0x000000070b100000, 0x000000070b200000|  0%| F|  |TAMS 0x000000070b100000, 0x000000070b100000| Untracked 
| 138|0x000000070b200000, 0x000000070b200000, 0x000000070b300000|  0%| F|  |TAMS 0x000000070b200000, 0x000000070b200000| Untracked 
| 139|0x000000070b300000, 0x000000070b300000, 0x000000070b400000|  0%| F|  |TAMS 0x000000070b300000, 0x000000070b300000| Untracked 
| 140|0x000000070b400000, 0x000000070b400000, 0x000000070b500000|  0%| F|  |TAMS 0x000000070b400000, 0x000000070b400000| Untracked 
| 141|0x000000070b500000, 0x000000070b500000, 0x000000070b600000|  0%| F|  |TAMS 0x000000070b500000, 0x000000070b500000| Untracked 
| 142|0x000000070b600000, 0x000000070b600000, 0x000000070b700000|  0%| F|  |TAMS 0x000000070b600000, 0x000000070b600000| Untracked 
| 143|0x000000070b700000, 0x000000070b700000, 0x000000070b800000|  0%| F|  |TAMS 0x000000070b700000, 0x000000070b700000| Untracked 
| 144|0x000000070b800000, 0x000000070b800000, 0x000000070b900000|  0%| F|  |TAMS 0x000000070b800000, 0x000000070b800000| Untracked 
| 145|0x000000070b900000, 0x000000070b900000, 0x000000070ba00000|  0%| F|  |TAMS 0x000000070b900000, 0x000000070b900000| Untracked 
| 146|0x000000070ba00000, 0x000000070ba00000, 0x000000070bb00000|  0%| F|  |TAMS 0x000000070ba00000, 0x000000070ba00000| Untracked 
| 147|0x000000070bb00000, 0x000000070bb00000, 0x000000070bc00000|  0%| F|  |TAMS 0x000000070bb00000, 0x000000070bb00000| Untracked 
| 148|0x000000070bc00000, 0x000000070bc00000, 0x000000070bd00000|  0%| F|  |TAMS 0x000000070bc00000, 0x000000070bc00000| Untracked 
| 149|0x000000070bd00000, 0x000000070bd00000, 0x000000070be00000|  0%| F|  |TAMS 0x000000070bd00000, 0x000000070bd00000| Untracked 
| 150|0x000000070be00000, 0x000000070be00000, 0x000000070bf00000|  0%| F|  |TAMS 0x000000070be00000, 0x000000070be00000| Untracked 
| 151|0x000000070bf00000, 0x000000070bf00000, 0x000000070c000000|  0%| F|  |TAMS 0x000000070bf00000, 0x000000070bf00000| Untracked 
| 152|0x000000070c000000, 0x000000070c000000, 0x000000070c100000|  0%| F|  |TAMS 0x000000070c000000, 0x000000070c000000| Untracked 
| 153|0x000000070c100000, 0x000000070c100000, 0x000000070c200000|  0%| F|  |TAMS 0x000000070c100000, 0x000000070c100000| Untracked 
| 154|0x000000070c200000, 0x000000070c200000, 0x000000070c300000|  0%| F|  |TAMS 0x000000070c200000, 0x000000070c200000| Untracked 
| 155|0x000000070c300000, 0x000000070c300000, 0x000000070c400000|  0%| F|  |TAMS 0x000000070c300000, 0x000000070c300000| Untracked 
| 156|0x000000070c400000, 0x000000070c400000, 0x000000070c500000|  0%| F|  |TAMS 0x000000070c400000, 0x000000070c400000| Untracked 
| 157|0x000000070c500000, 0x000000070c500000, 0x000000070c600000|  0%| F|  |TAMS 0x000000070c500000, 0x000000070c500000| Untracked 
| 158|0x000000070c600000, 0x000000070c600000, 0x000000070c700000|  0%| F|  |TAMS 0x000000070c600000, 0x000000070c600000| Untracked 
| 159|0x000000070c700000, 0x000000070c700000, 0x000000070c800000|  0%| F|  |TAMS 0x000000070c700000, 0x000000070c700000| Untracked 
| 160|0x000000070c800000, 0x000000070c800000, 0x000000070c900000|  0%| F|  |TAMS 0x000000070c800000, 0x000000070c800000| Untracked 
| 161|0x000000070c900000, 0x000000070c900000, 0x000000070ca00000|  0%| F|  |TAMS 0x000000070c900000, 0x000000070c900000| Untracked 
| 162|0x000000070ca00000, 0x000000070ca00000, 0x000000070cb00000|  0%| F|  |TAMS 0x000000070ca00000, 0x000000070ca00000| Untracked 
| 163|0x000000070cb00000, 0x000000070cb00000, 0x000000070cc00000|  0%| F|  |TAMS 0x000000070cb00000, 0x000000070cb00000| Untracked 
| 164|0x000000070cc00000, 0x000000070cc00000, 0x000000070cd00000|  0%| F|  |TAMS 0x000000070cc00000, 0x000000070cc00000| Untracked 
| 165|0x000000070cd00000, 0x000000070cd00000, 0x000000070ce00000|  0%| F|  |TAMS 0x000000070cd00000, 0x000000070cd00000| Untracked 
| 166|0x000000070ce00000, 0x000000070ce00000, 0x000000070cf00000|  0%| F|  |TAMS 0x000000070ce00000, 0x000000070ce00000| Untracked 
| 167|0x000000070cf00000, 0x000000070cf00000, 0x000000070d000000|  0%| F|  |TAMS 0x000000070cf00000, 0x000000070cf00000| Untracked 
| 168|0x000000070d000000, 0x000000070d000000, 0x000000070d100000|  0%| F|  |TAMS 0x000000070d000000, 0x000000070d000000| Untracked 
| 169|0x000000070d100000, 0x000000070d100000, 0x000000070d200000|  0%| F|  |TAMS 0x000000070d100000, 0x000000070d100000| Untracked 
| 170|0x000000070d200000, 0x000000070d200000, 0x000000070d300000|  0%| F|  |TAMS 0x000000070d200000, 0x000000070d200000| Untracked 
| 171|0x000000070d300000, 0x000000070d300000, 0x000000070d400000|  0%| F|  |TAMS 0x000000070d300000, 0x000000070d300000| Untracked 
| 172|0x000000070d400000, 0x000000070d400000, 0x000000070d500000|  0%| F|  |TAMS 0x000000070d400000, 0x000000070d400000| Untracked 
| 173|0x000000070d500000, 0x000000070d500000, 0x000000070d600000|  0%| F|  |TAMS 0x000000070d500000, 0x000000070d500000| Untracked 
| 174|0x000000070d600000, 0x000000070d600000, 0x000000070d700000|  0%| F|  |TAMS 0x000000070d600000, 0x000000070d600000| Untracked 
| 175|0x000000070d700000, 0x000000070d700000, 0x000000070d800000|  0%| F|  |TAMS 0x000000070d700000, 0x000000070d700000| Untracked 
| 176|0x000000070d800000, 0x000000070d800000, 0x000000070d900000|  0%| F|  |TAMS 0x000000070d800000, 0x000000070d800000| Untracked 
| 177|0x000000070d900000, 0x000000070d900000, 0x000000070da00000|  0%| F|  |TAMS 0x000000070d900000, 0x000000070d900000| Untracked 
| 178|0x000000070da00000, 0x000000070da00000, 0x000000070db00000|  0%| F|  |TAMS 0x000000070da00000, 0x000000070da00000| Untracked 
| 179|0x000000070db00000, 0x000000070db00000, 0x000000070dc00000|  0%| F|  |TAMS 0x000000070db00000, 0x000000070db00000| Untracked 
| 180|0x000000070dc00000, 0x000000070dc00000, 0x000000070dd00000|  0%| F|  |TAMS 0x000000070dc00000, 0x000000070dc00000| Untracked 
| 181|0x000000070dd00000, 0x000000070dd00000, 0x000000070de00000|  0%| F|  |TAMS 0x000000070dd00000, 0x000000070dd00000| Untracked 
| 182|0x000000070de00000, 0x000000070de00000, 0x000000070df00000|  0%| F|  |TAMS 0x000000070de00000, 0x000000070de00000| Untracked 
| 183|0x000000070df00000, 0x000000070df00000, 0x000000070e000000|  0%| F|  |TAMS 0x000000070df00000, 0x000000070df00000| Untracked 
| 184|0x000000070e000000, 0x000000070e000000, 0x000000070e100000|  0%| F|  |TAMS 0x000000070e000000, 0x000000070e000000| Untracked 
| 185|0x000000070e100000, 0x000000070e100000, 0x000000070e200000|  0%| F|  |TAMS 0x000000070e100000, 0x000000070e100000| Untracked 
| 186|0x000000070e200000, 0x000000070e200000, 0x000000070e300000|  0%| F|  |TAMS 0x000000070e200000, 0x000000070e200000| Untracked 
| 187|0x000000070e300000, 0x000000070e300000, 0x000000070e400000|  0%| F|  |TAMS 0x000000070e300000, 0x000000070e300000| Untracked 
| 188|0x000000070e400000, 0x000000070e400000, 0x000000070e500000|  0%| F|  |TAMS 0x000000070e400000, 0x000000070e400000| Untracked 
| 189|0x000000070e500000, 0x000000070e500000, 0x000000070e600000|  0%| F|  |TAMS 0x000000070e500000, 0x000000070e500000| Untracked 
| 190|0x000000070e600000, 0x000000070e600000, 0x000000070e700000|  0%| F|  |TAMS 0x000000070e600000, 0x000000070e600000| Untracked 
| 191|0x000000070e700000, 0x000000070e700000, 0x000000070e800000|  0%| F|  |TAMS 0x000000070e700000, 0x000000070e700000| Untracked 
| 192|0x000000070e800000, 0x000000070e800000, 0x000000070e900000|  0%| F|  |TAMS 0x000000070e800000, 0x000000070e800000| Untracked 
| 193|0x000000070e900000, 0x000000070e900000, 0x000000070ea00000|  0%| F|  |TAMS 0x000000070e900000, 0x000000070e900000| Untracked 
| 194|0x000000070ea00000, 0x000000070ea00000, 0x000000070eb00000|  0%| F|  |TAMS 0x000000070ea00000, 0x000000070ea00000| Untracked 
| 195|0x000000070eb00000, 0x000000070eb00000, 0x000000070ec00000|  0%| F|  |TAMS 0x000000070eb00000, 0x000000070eb00000| Untracked 
| 196|0x000000070ec00000, 0x000000070ec00000, 0x000000070ed00000|  0%| F|  |TAMS 0x000000070ec00000, 0x000000070ec00000| Untracked 
| 197|0x000000070ed00000, 0x000000070ed00000, 0x000000070ee00000|  0%| F|  |TAMS 0x000000070ed00000, 0x000000070ed00000| Untracked 
| 198|0x000000070ee00000, 0x000000070ee00000, 0x000000070ef00000|  0%| F|  |TAMS 0x000000070ee00000, 0x000000070ee00000| Untracked 
| 199|0x000000070ef00000, 0x000000070ef00000, 0x000000070f000000|  0%| F|  |TAMS 0x000000070ef00000, 0x000000070ef00000| Untracked 
| 200|0x000000070f000000, 0x000000070f000000, 0x000000070f100000|  0%| F|  |TAMS 0x000000070f000000, 0x000000070f000000| Untracked 
| 201|0x000000070f100000, 0x000000070f100000, 0x000000070f200000|  0%| F|  |TAMS 0x000000070f100000, 0x000000070f100000| Untracked 
| 202|0x000000070f200000, 0x000000070f200000, 0x000000070f300000|  0%| F|  |TAMS 0x000000070f200000, 0x000000070f200000| Untracked 
| 203|0x000000070f300000, 0x000000070f300000, 0x000000070f400000|  0%| F|  |TAMS 0x000000070f300000, 0x000000070f300000| Untracked 
| 204|0x000000070f400000, 0x000000070f400000, 0x000000070f500000|  0%| F|  |TAMS 0x000000070f400000, 0x000000070f400000| Untracked 
| 205|0x000000070f500000, 0x000000070f500000, 0x000000070f600000|  0%| F|  |TAMS 0x000000070f500000, 0x000000070f500000| Untracked 
| 206|0x000000070f600000, 0x000000070f600000, 0x000000070f700000|  0%| F|  |TAMS 0x000000070f600000, 0x000000070f600000| Untracked 
| 207|0x000000070f700000, 0x000000070f700000, 0x000000070f800000|  0%| F|  |TAMS 0x000000070f700000, 0x000000070f700000| Untracked 
| 208|0x000000070f800000, 0x000000070f800000, 0x000000070f900000|  0%| F|  |TAMS 0x000000070f800000, 0x000000070f800000| Untracked 
| 209|0x000000070f900000, 0x000000070f900000, 0x000000070fa00000|  0%| F|  |TAMS 0x000000070f900000, 0x000000070f900000| Untracked 
| 210|0x000000070fa00000, 0x000000070fa00000, 0x000000070fb00000|  0%| F|  |TAMS 0x000000070fa00000, 0x000000070fa00000| Untracked 
| 211|0x000000070fb00000, 0x000000070fb00000, 0x000000070fc00000|  0%| F|  |TAMS 0x000000070fb00000, 0x000000070fb00000| Untracked 
| 212|0x000000070fc00000, 0x000000070fc00000, 0x000000070fd00000|  0%| F|  |TAMS 0x000000070fc00000, 0x000000070fc00000| Untracked 
| 213|0x000000070fd00000, 0x000000070fd00000, 0x000000070fe00000|  0%| F|  |TAMS 0x000000070fd00000, 0x000000070fd00000| Untracked 
| 214|0x000000070fe00000, 0x000000070fe00000, 0x000000070ff00000|  0%| F|  |TAMS 0x000000070fe00000, 0x000000070fe00000| Untracked 
| 215|0x000000070ff00000, 0x000000070ff00000, 0x0000000710000000|  0%| F|  |TAMS 0x000000070ff00000, 0x000000070ff00000| Untracked 
| 216|0x0000000710000000, 0x0000000710000000, 0x0000000710100000|  0%| F|  |TAMS 0x0000000710000000, 0x0000000710000000| Untracked 
| 217|0x0000000710100000, 0x0000000710100000, 0x0000000710200000|  0%| F|  |TAMS 0x0000000710100000, 0x0000000710100000| Untracked 
| 218|0x0000000710200000, 0x0000000710200000, 0x0000000710300000|  0%| F|  |TAMS 0x0000000710200000, 0x0000000710200000| Untracked 
| 219|0x0000000710300000, 0x0000000710300000, 0x0000000710400000|  0%| F|  |TAMS 0x0000000710300000, 0x0000000710300000| Untracked 
| 220|0x0000000710400000, 0x0000000710400000, 0x0000000710500000|  0%| F|  |TAMS 0x0000000710400000, 0x0000000710400000| Untracked 
| 221|0x0000000710500000, 0x0000000710500000, 0x0000000710600000|  0%| F|  |TAMS 0x0000000710500000, 0x0000000710500000| Untracked 
| 222|0x0000000710600000, 0x0000000710600000, 0x0000000710700000|  0%| F|  |TAMS 0x0000000710600000, 0x0000000710600000| Untracked 
| 223|0x0000000710700000, 0x0000000710700000, 0x0000000710800000|  0%| F|  |TAMS 0x0000000710700000, 0x0000000710700000| Untracked 
| 224|0x0000000710800000, 0x0000000710800000, 0x0000000710900000|  0%| F|  |TAMS 0x0000000710800000, 0x0000000710800000| Untracked 
| 225|0x0000000710900000, 0x0000000710900000, 0x0000000710a00000|  0%| F|  |TAMS 0x0000000710900000, 0x0000000710900000| Untracked 
| 226|0x0000000710a00000, 0x0000000710a00000, 0x0000000710b00000|  0%| F|  |TAMS 0x0000000710a00000, 0x0000000710a00000| Untracked 
| 227|0x0000000710b00000, 0x0000000710b00000, 0x0000000710c00000|  0%| F|  |TAMS 0x0000000710b00000, 0x0000000710b00000| Untracked 
| 228|0x0000000710c00000, 0x0000000710c00000, 0x0000000710d00000|  0%| F|  |TAMS 0x0000000710c00000, 0x0000000710c00000| Untracked 
| 229|0x0000000710d00000, 0x0000000710d00000, 0x0000000710e00000|  0%| F|  |TAMS 0x0000000710d00000, 0x0000000710d00000| Untracked 
| 230|0x0000000710e00000, 0x0000000710e00000, 0x0000000710f00000|  0%| F|  |TAMS 0x0000000710e00000, 0x0000000710e00000| Untracked 
| 231|0x0000000710f00000, 0x0000000710f00000, 0x0000000711000000|  0%| F|  |TAMS 0x0000000710f00000, 0x0000000710f00000| Untracked 
| 232|0x0000000711000000, 0x0000000711000000, 0x0000000711100000|  0%| F|  |TAMS 0x0000000711000000, 0x0000000711000000| Untracked 
| 233|0x0000000711100000, 0x0000000711100000, 0x0000000711200000|  0%| F|  |TAMS 0x0000000711100000, 0x0000000711100000| Untracked 
| 234|0x0000000711200000, 0x0000000711200000, 0x0000000711300000|  0%| F|  |TAMS 0x0000000711200000, 0x0000000711200000| Untracked 
| 235|0x0000000711300000, 0x0000000711300000, 0x0000000711400000|  0%| F|  |TAMS 0x0000000711300000, 0x0000000711300000| Untracked 
| 236|0x0000000711400000, 0x0000000711400000, 0x0000000711500000|  0%| F|  |TAMS 0x0000000711400000, 0x0000000711400000| Untracked 
| 237|0x0000000711500000, 0x0000000711500000, 0x0000000711600000|  0%| F|  |TAMS 0x0000000711500000, 0x0000000711500000| Untracked 
| 238|0x0000000711600000, 0x0000000711600000, 0x0000000711700000|  0%| F|  |TAMS 0x0000000711600000, 0x0000000711600000| Untracked 
| 239|0x0000000711700000, 0x0000000711700000, 0x0000000711800000|  0%| F|  |TAMS 0x0000000711700000, 0x0000000711700000| Untracked 
| 240|0x0000000711800000, 0x0000000711800000, 0x0000000711900000|  0%| F|  |TAMS 0x0000000711800000, 0x0000000711800000| Untracked 
| 241|0x0000000711900000, 0x0000000711900000, 0x0000000711a00000|  0%| F|  |TAMS 0x0000000711900000, 0x0000000711900000| Untracked 
| 242|0x0000000711a00000, 0x0000000711a00000, 0x0000000711b00000|  0%| F|  |TAMS 0x0000000711a00000, 0x0000000711a00000| Untracked 
| 243|0x0000000711b00000, 0x0000000711b00000, 0x0000000711c00000|  0%| F|  |TAMS 0x0000000711b00000, 0x0000000711b00000| Untracked 
| 244|0x0000000711c00000, 0x0000000711c00000, 0x0000000711d00000|  0%| F|  |TAMS 0x0000000711c00000, 0x0000000711c00000| Untracked 
| 245|0x0000000711d00000, 0x0000000711d00000, 0x0000000711e00000|  0%| F|  |TAMS 0x0000000711d00000, 0x0000000711d00000| Untracked 
| 246|0x0000000711e00000, 0x0000000711e00000, 0x0000000711f00000|  0%| F|  |TAMS 0x0000000711e00000, 0x0000000711e00000| Untracked 
| 247|0x0000000711f00000, 0x0000000711f00000, 0x0000000712000000|  0%| F|  |TAMS 0x0000000711f00000, 0x0000000711f00000| Untracked 
| 248|0x0000000712000000, 0x0000000712000000, 0x0000000712100000|  0%| F|  |TAMS 0x0000000712000000, 0x0000000712000000| Untracked 
| 249|0x0000000712100000, 0x0000000712100000, 0x0000000712200000|  0%| F|  |TAMS 0x0000000712100000, 0x0000000712100000| Untracked 
| 250|0x0000000712200000, 0x0000000712200800, 0x0000000712300000|  0%| E|  |TAMS 0x0000000712200000, 0x0000000712200000| Complete 
| 251|0x0000000712300000, 0x0000000712400000, 0x0000000712400000|100%| E|CS|TAMS 0x0000000712300000, 0x0000000712300000| Complete 
| 252|0x0000000712400000, 0x0000000712500000, 0x0000000712500000|100%| E|CS|TAMS 0x0000000712400000, 0x0000000712400000| Complete 
| 253|0x0000000712500000, 0x0000000712600000, 0x0000000712600000|100%| E|CS|TAMS 0x0000000712500000, 0x0000000712500000| Complete 

Card table byte_map: [0x00000225235f0000,0x0000022523de0000] _byte_map_base: 0x000002251fddc000

Marking Bits (Prev, Next): (CMBitMap*) 0x000002250b72f918, (CMBitMap*) 0x000002250b72f958
 Prev Bits: [0x00000225245d0000, 0x0000022528530000)
 Next Bits: [0x0000022528530000, 0x000002252c490000)

Polling page: 0x0000022509690000

Metaspace:

Usage:
  Non-class:      4.42 MB capacity,     1.48 MB ( 33%) used,     2.94 MB ( 66%) free+waste,     2.50 KB ( <1%) overhead. 
      Class:    443.00 KB capacity,   150.50 KB ( 34%) used,   291.00 KB ( 66%) free+waste,     1.50 KB ( <1%) overhead. 
       Both:      4.85 MB capacity,     1.63 MB ( 34%) used,     3.22 MB ( 66%) free+waste,     4.00 KB ( <1%) overhead. 

Virtual space:
  Non-class space:        8.00 MB reserved,       4.50 MB ( 56%) committed 
      Class space:        1.00 GB reserved,     512.00 KB ( <1%) committed 
             Both:        1.01 GB reserved,       5.00 MB ( <1%) committed 

Chunk freelists:
   Non-Class:  2.38 KB
       Class:  640 bytes
        Both:  3.00 KB

CodeHeap 'non-profiled nmethods': size=120000Kb used=97Kb max_used=97Kb free=119902Kb
 bounds [0x000002251b5a0000, 0x000002251b810000, 0x0000022522ad0000]
CodeHeap 'profiled nmethods': size=120000Kb used=597Kb max_used=597Kb free=119402Kb
 bounds [0x0000022514070000, 0x00000225142e0000, 0x000002251b5a0000]
CodeHeap 'non-nmethods': size=5760Kb used=1111Kb max_used=1123Kb free=4648Kb
 bounds [0x0000022513ad0000, 0x0000022513d40000, 0x0000022514070000]
 total_blobs=866 nmethods=373 adapters=326
 compilation: enabled
              stopped_count=0, restarted_count=0
 full_count=0

Compilation events (10 events):
Event: 0.867 Thread 0x000002252f8cc000  368       3       java.lang.reflect.Modifier::isStatic (13 bytes)
Event: 0.868 Thread 0x000002252f8cc000 nmethod 368 0x0000022514102e90 code [0x0000022514103040, 0x00000225141031d8]
Event: 0.868 Thread 0x000002252f8cc000  369       1       java.lang.invoke.MethodTypeForm::erasedType (5 bytes)
Event: 0.868 Thread 0x000002252f8cc000 nmethod 369 0x000002251b5b7f90 code [0x000002251b5b8140, 0x000002251b5b8278]
Event: 0.868 Thread 0x000002252f8cc000  370       3       sun.invoke.util.Wrapper::hashPrim (30 bytes)
Event: 0.868 Thread 0x000002252f8c8800  373       4       java.util.concurrent.ConcurrentHashMap::tabAt (22 bytes)
Event: 0.869 Thread 0x000002252f8cc000 nmethod 370 0x0000022514103290 code [0x0000022514103540, 0x0000022514104210]
Event: 0.869 Thread 0x000002252f8cc000  372       3       java.lang.invoke.MethodType::checkSlotCount (33 bytes)
Event: 0.869 Thread 0x000002252f8c8800 nmethod 373 0x000002251b5b8510 code [0x000002251b5b86a0, 0x000002251b5b86f8]
Event: 0.869 Thread 0x000002252f8cc000 nmethod 372 0x0000022514104690 code [0x0000022514104900, 0x0000022514105260]

GC Heap History (0 events):
No events

Deoptimization events (3 events):
Event: 0.184 Thread 0x000002250b6c5800 Uncommon trap: reason=unstable_if action=reinterpret pc=0x000002251b5a5084 method=java.lang.String.hashCode()I @ 14 c2
Event: 0.203 Thread 0x000002250b6c5800 Uncommon trap: reason=unstable_if action=reinterpret pc=0x000002251b5a5f24 method=java.lang.String.isLatin1()Z @ 10 c2
Event: 0.203 Thread 0x000002250b6c5800 Uncommon trap: reason=unstable_if action=reinterpret pc=0x000002251b5a5c08 method=java.lang.String.isLatin1()Z @ 10 c2

Classes redefined (0 events):
No events

Internal exceptions (2 events):
Event: 0.228 Thread 0x000002250b6c5800 Exception <a 'java/lang/NoSuchMethodError'{0x000000071235d828}: java.lang.invoke.DirectMethodHandle$Holder.invokeStaticInit(Ljava/lang/Object;IIII)Ljava/lang/Object;> (0x000000071235d828) thrown at [t:/workspace/open/src/hotspot/share/interpreter/linkReso
Event: 0.744 Thread 0x000002250b6c5800 Exception <a 'java/lang/NoSuchMethodError'{0x00000007123bc0d0}: java.lang.invoke.DirectMethodHandle$Holder.invokeStaticInit(Ljava/lang/Object;Ljava/lang/Object;IIII)Ljava/lang/Object;> (0x00000007123bc0d0) thrown at [t:/workspace/open/src/hotspot/share/in

Events (10 events):
Event: 0.759 loading class java/nio/DirectByteBuffer$Deallocator done
Event: 0.836 loading class java/util/concurrent/atomic/AtomicBoolean
Event: 0.836 loading class java/util/concurrent/atomic/AtomicBoolean done
Event: 0.866 loading class org/rocksdb/RocksDB
Event: 0.866 loading class org/rocksdb/RocksDB done
Event: 0.867 loading class org/rocksdb/RocksDB
Event: 0.867 loading class org/rocksdb/RocksDB done
Event: 0.867 loading class java/util/concurrent/ThreadPoolExecutor$Worker
Event: 0.867 loading class java/util/concurrent/ThreadPoolExecutor$Worker done
Event: 0.868 Thread 0x000002252ffa2000 Thread added: 0x000002252ffa2000


Dynamic libraries:
0x00007ff6134b0000 - 0x00007ff6134bf000 	C:\job\develop tools\Java\jdk-12.0.1\bin\java.exe
0x00007ffa4ec40000 - 0x00007ffa4ee30000 	C:\WINDOWS\SYSTEM32\ntdll.dll
0x00007ffa4eb40000 - 0x00007ffa4ebf2000 	C:\WINDOWS\System32\KERNEL32.DLL
0x00007ffa4c800000 - 0x00007ffa4caa3000 	C:\WINDOWS\System32\KERNELBASE.dll
0x00007ffa4bc00000 - 0x00007ffa4bcfa000 	C:\WINDOWS\System32\ucrtbase.dll
0x00007ffa45af0000 - 0x00007ffa45b08000 	C:\job\develop tools\Java\jdk-12.0.1\bin\jli.dll
0x00007ffa45ad0000 - 0x00007ffa45ae6000 	C:\job\develop tools\Java\jdk-12.0.1\bin\VCRUNTIME140.dll
0x00007ffa4d220000 - 0x00007ffa4d2c3000 	C:\WINDOWS\System32\ADVAPI32.dll
0x00007ffa4e4e0000 - 0x00007ffa4e57e000 	C:\WINDOWS\System32\msvcrt.dll
0x00007ffa4e580000 - 0x00007ffa4e617000 	C:\WINDOWS\System32\sechost.dll
0x00007ffa4e880000 - 0x00007ffa4e9a0000 	C:\WINDOWS\System32\RPCRT4.dll
0x00007ffa4e9a0000 - 0x00007ffa4eb34000 	C:\WINDOWS\System32\USER32.dll
0x00007ffa4bf20000 - 0x00007ffa4bf41000 	C:\WINDOWS\System32\win32u.dll
0x00007ffa4d480000 - 0x00007ffa4d4a6000 	C:\WINDOWS\System32\GDI32.dll
0x00007ffa4bd80000 - 0x00007ffa4bf14000 	C:\WINDOWS\System32\gdi32full.dll
0x00007ffa3f780000 - 0x00007ffa3fa05000 	C:\WINDOWS\WinSxS\amd64_microsoft.windows.common-controls_6595b64144ccf1df_6.0.18362.476_none_e6c4b11b130f2595\COMCTL32.dll
0x00007ffa4cc50000 - 0x00007ffa4ccee000 	C:\WINDOWS\System32\msvcp_win.dll
0x00007ffa4d9b0000 - 0x00007ffa4dce6000 	C:\WINDOWS\System32\combase.dll
0x00007ffa4bd00000 - 0x00007ffa4bd80000 	C:\WINDOWS\System32\bcryptPrimitives.dll
0x00007ffa42920000 - 0x00007ffa4292a000 	C:\WINDOWS\SYSTEM32\VERSION.dll
0x00007ffa4e3e0000 - 0x00007ffa4e40e000 	C:\WINDOWS\System32\IMM32.DLL
0x00007ffa33f70000 - 0x00007ffa3401a000 	C:\job\develop tools\Java\jdk-12.0.1\bin\msvcp140.dll
0x00007ff9ee920000 - 0x00007ff9ef494000 	C:\job\develop tools\Java\jdk-12.0.1\bin\server\jvm.dll
0x00007ffa4d0e0000 - 0x00007ffa4d0e8000 	C:\WINDOWS\System32\PSAPI.DLL
0x00007ffa3ec90000 - 0x00007ffa3ec99000 	C:\WINDOWS\SYSTEM32\WSOCK32.dll
0x00007ffa43c20000 - 0x00007ffa43c44000 	C:\WINDOWS\SYSTEM32\WINMM.dll
0x00007ffa4d4d0000 - 0x00007ffa4d53f000 	C:\WINDOWS\System32\WS2_32.dll
0x00007ffa426b0000 - 0x00007ffa426dd000 	C:\WINDOWS\SYSTEM32\winmmbase.dll
0x00007ffa4cab0000 - 0x00007ffa4cafa000 	C:\WINDOWS\System32\cfgmgr32.dll
0x00007ffa4bb90000 - 0x00007ffa4bba1000 	C:\WINDOWS\System32\kernel.appcore.dll
0x00007ffa458d0000 - 0x00007ffa458e1000 	C:\job\develop tools\Java\jdk-12.0.1\bin\verify.dll
0x00007ffa4a420000 - 0x00007ffa4a614000 	C:\WINDOWS\SYSTEM32\DBGHELP.DLL
0x00007ffa45f10000 - 0x00007ffa45f3a000 	C:\WINDOWS\SYSTEM32\dbgcore.DLL
0x00007ffa455c0000 - 0x00007ffa455e6000 	C:\job\develop tools\Java\jdk-12.0.1\bin\java.dll
0x00007ffa42010000 - 0x00007ffa42027000 	C:\job\develop tools\Java\jdk-12.0.1\bin\zip.dll
0x00007ffa473f0000 - 0x00007ffa473fa000 	C:\job\develop tools\Java\jdk-12.0.1\bin\jimage.dll
0x00007ffa4dcf0000 - 0x00007ffa4e3d5000 	C:\WINDOWS\System32\SHELL32.dll
0x00007ffa4e620000 - 0x00007ffa4e6c9000 	C:\WINDOWS\System32\shcore.dll
0x00007ffa4c080000 - 0x00007ffa4c7fe000 	C:\WINDOWS\System32\windows.storage.dll
0x00007ffa4bbb0000 - 0x00007ffa4bbcf000 	C:\WINDOWS\System32\profapi.dll
0x00007ffa4bb40000 - 0x00007ffa4bb8a000 	C:\WINDOWS\System32\powrprof.dll
0x00007ffa4bb10000 - 0x00007ffa4bb20000 	C:\WINDOWS\System32\UMPDC.dll
0x00007ffa4ccf0000 - 0x00007ffa4cd42000 	C:\WINDOWS\System32\shlwapi.dll
0x00007ffa4bfb0000 - 0x00007ffa4bfc7000 	C:\WINDOWS\System32\cryptsp.dll
0x00007ffa3fda0000 - 0x00007ffa3fdb9000 	C:\job\develop tools\Java\jdk-12.0.1\bin\net.dll
0x00007ffa3fa10000 - 0x00007ffa3fbe6000 	C:\WINDOWS\SYSTEM32\urlmon.dll
0x00007ffa49e10000 - 0x00007ffa49f00000 	C:\WINDOWS\SYSTEM32\WINHTTP.dll
0x00007ffa3f4d0000 - 0x00007ffa3f776000 	C:\WINDOWS\SYSTEM32\iertutil.dll
0x00007ffa4b4f0000 - 0x00007ffa4b4fc000 	C:\WINDOWS\SYSTEM32\CRYPTBASE.DLL
0x00007ffa4b320000 - 0x00007ffa4b387000 	C:\WINDOWS\system32\mswsock.dll
0x00007ffa39490000 - 0x00007ffa394a3000 	C:\job\develop tools\Java\jdk-12.0.1\bin\nio.dll
0x00007ffa4ae90000 - 0x00007ffa4aec3000 	C:\WINDOWS\system32\rsaenh.dll
0x00007ffa4bbd0000 - 0x00007ffa4bbf6000 	C:\WINDOWS\System32\bcrypt.dll
0x00007ffa4ba30000 - 0x00007ffa4ba55000 	C:\WINDOWS\SYSTEM32\USERENV.dll
0x00007ffa4b030000 - 0x00007ffa4b06a000 	C:\WINDOWS\SYSTEM32\IPHLPAPI.DLL
0x00007ffa4d1b0000 - 0x00007ffa4d1b8000 	C:\WINDOWS\System32\NSI.dll
0x00007ffa43730000 - 0x00007ffa43746000 	C:\WINDOWS\SYSTEM32\dhcpcsvc6.DLL
0x00007ffa43710000 - 0x00007ffa4372c000 	C:\WINDOWS\SYSTEM32\dhcpcsvc.DLL
0x00007ffa4b070000 - 0x00007ffa4b13a000 	C:\WINDOWS\SYSTEM32\DNSAPI.dll
0x00007ff9f3ba0000 - 0x00007ff9f40a5000 	C:\Users\wuzhihao\AppData\Local\Temp\librocksdbjni11180153139749384542.dll

dbghelp: loaded successfully - version: 4.0.5 - missing functions: none
symbol engine: initialized successfully - sym options: 0x614 - pdb path: .;C:\job\develop tools\Java\jdk-12.0.1\bin;C:\WINDOWS\SYSTEM32;C:\WINDOWS\WinSxS\amd64_microsoft.windows.common-controls_6595b64144ccf1df_6.0.18362.476_none_e6c4b11b130f2595;C:\job\develop tools\Java\jdk-12.0.1\bin\server;C:\Users\wuzhihao\AppData\Local\Temp

VM Arguments:
jvm_args: -Dfile.encoding=GBK -Duser.country=CN -Duser.language=zh -Duser.variant 
java_command: com.technologysia.Demo1
java_class_path (initial): C:\job\code\idea\java-samples\rocksdb\build\classes\java\main;C:\job\code\idea\java-samples\rocksdb\build\resources\main;C:\Users\wuzhihao\.gradle\caches\modules-2\files-2.1\org.rocksdb\rocksdbjni\6.3.6\2941662625cc8151e7ed5d22120fada1f76026a9\rocksdbjni-6.3.6.jar
Launcher Type: SUN_STANDARD

[Global flags]
     intx CICompilerCount                          = 4                                         {product} {ergonomic}
     uint ConcGCThreads                            = 2                                         {product} {ergonomic}
     uint G1ConcRefinementThreads                  = 8                                         {product} {ergonomic}
   size_t G1HeapRegionSize                         = 1048576                                   {product} {ergonomic}
    uintx GCDrainStackTargetSize                   = 64                                        {product} {ergonomic}
   size_t InitialHeapSize                          = 266338304                                 {product} {ergonomic}
   size_t MarkStackSize                            = 4194304                                   {product} {ergonomic}
   size_t MaxHeapSize                              = 4253024256                                {product} {ergonomic}
   size_t MaxNewSize                               = 2551185408                                {product} {ergonomic}
   size_t MinHeapDeltaBytes                        = 1048576                                   {product} {ergonomic}
    uintx NonNMethodCodeHeapSize                   = 5836300                                {pd product} {ergonomic}
    uintx NonProfiledCodeHeapSize                  = 122910970                              {pd product} {ergonomic}
    uintx ProfiledCodeHeapSize                     = 122910970                              {pd product} {ergonomic}
    uintx ReservedCodeCacheSize                    = 251658240                              {pd product} {ergonomic}
     bool SegmentedCodeCache                       = true                                      {product} {ergonomic}
     bool UseCompressedClassPointers               = true                                 {lp64_product} {ergonomic}
     bool UseCompressedOops                        = true                                 {lp64_product} {ergonomic}
     bool UseG1GC                                  = true                                      {product} {ergonomic}
     bool UseLargePagesIndividualAllocation        = false                                  {pd product} {ergonomic}

Logging:
Log output configuration:
 #0: stdout all=warning uptime,level,tags
 #1: stderr all=off uptime,level,tags

Environment Variables:
JAVA_HOME=C:\job\develop tools\Java\jdk1.8.0_45
JRE_HOME=C:\job\develop tools\Java\jre1.8.0_45
CLASSPATH=.;C:\job\develop tools\Java\jdk1.8.0_45\lib;C:\job\develop tools\Java\jre1.8.0_45\lib
PATH=C:\ProgramData\Oracle\Java\javapath;C:\Program Files (x86)\Common Files\Oracle\Java\javapath;C:\Program Files (x86)\Intel\iCLS Client\;C:\Program Files\Intel\iCLS Client\;C:\WINDOWS\system32;C:\WINDOWS;C:\WINDOWS\System32\Wbem;C:\WINDOWS\System32\WindowsPowerShell\v1.0\;C:\Program Files (x86)\Intel\Intel(R) Management Engine Components\DAL;C:\Program Files\Intel\Intel(R) Management Engine Components\DAL;C:\Program Files (x86)\Intel\Intel(R) Management Engine Components\IPT;C:\Program Files\Intel\Intel(R) Management Engine Components\IPT;C:\Program Files\Intel\WiFi\bin\;C:\Program Files\Common Files\Intel\WirelessCommon\;C:\WINDOWS\System32\OpenSSH\;C:\Users\wuzhihao\scoop\shims;C:\Users\wuzhihao\AppData\Local\Microsoft\WindowsApps;C:\job\develop tools\Java\jdk1.8.0_45\bin;C:\job\develop tools\Java\jre1.8.0_45\bin;C:\job\develop tools\apache-maven-3.6.1\bin;C:\job\develop tools\gradle-5.4.1\bin;C:\job\develop tools\groovy-2.5.4\bin;C:\job\develop tools\cmder;C:\Users\wuzhihao\AppData\Local\BypassRuntm;C:\job\develop tools\JetBrains\DataGrip 2019.1.3\bin;C:\job\develop tools\Git\cmd;C:\job\develop tools\TortoiseSVN\bin;C:\Users\wuzhihao\AppData\Local\Programs\Python\Launcher\;C:\Users\wuzhihao\AppData\Local\Microsoft\WindowsApps;
USERNAME=wuzhihao
OS=Windows_NT
PROCESSOR_IDENTIFIER=Intel64 Family 6 Model 142 Stepping 10, GenuineIntel



---------------  S Y S T E M  ---------------

OS: Windows 10 , 64 bit Build 18362 (10.0.18362.329)

CPU:total 8 (initial active 8) (4 cores per cpu, 2 threads per core) family 6 model 142 stepping 10, cmov, cx8, fxsr, mmx, sse, sse2, sse3, ssse3, sse4.1, sse4.2, popcnt, avx, avx2, aes, clmul, erms, 3dnowpref, lzcnt, ht, tsc, tscinvbit, bmi1, bmi2, adx, fma

Memory: 4k page, system-wide physical 16217M (1993M free)
TotalPageFile size 33625M (AvailPageFile size 11828M)
current process WorkingSet (physical memory assigned to process): 43M, peak: 43M
current process commit charge ("private bytes"): 342M, peak: 342M

vm_info: Java HotSpot(TM) 64-Bit Server VM (12.0.1+12) for windows-amd64 JRE (12.0.1+12), built on Apr  2 2019 14:02:19 by "mach5one" with MS VC++ 15.5 (VS2017)

END.
